<?xml version="1.0" encoding="UTF-8"?>
<!-- Generated by org.testng.reporters.JUnitXMLReporter -->
<testsuite hostname="ATMECSINDT-055" name="SampleTest" tests="5" failures="0" timestamp="10 Jul 2017 05:44:50 GMT" time="51.649" errors="0">
  <testcase name="@BeforeMethod initializeBrowser" time="0.0" classname="com.atmecs.partnerportal.testscript.ProjectDetailsTestScript">
    <failure type="org.openqa.selenium.WebDriverException" message="Failed to connect to binary FirefoxBinary(C:\Program Files (x86)\Mozilla Firefox\firefox.exe) on port 7055; process output follows: 
&amp;quot;locales&amp;quot;:[],&amp;quot;targetApplications&amp;quot;:[{&amp;quot;id&amp;quot;:&amp;quot;{ec8030f7-c20a-464f-9b0e-13a3a9e97384}&amp;quot;,&amp;quot;minVersion&amp;quot;:&amp;quot;54.0.1&amp;quot;,&amp;quot;maxVersion&amp;quot;:&amp;quot;54.0.1&amp;quot;}],&amp;quot;targetPlatforms&amp;quot;:[],&amp;quot;seen&amp;quot;:true,&amp;quot;dependencies&amp;quot;:[],&amp;quot;hasEmbeddedWebExtension&amp;quot;:false,&amp;quot;userPermissions&amp;quot;:null}
1499665450876	addons.xpi	DEBUG	getModTime: Recursive scan of {972ce4c6-7e08-4474-a285-3208198ce6fd}
1499665450879	DeferredSave.extensions.json	DEBUG	Save changes
1499665450879	addons.xpi	DEBUG	Updating database with changes to installed add-ons
1499665450880	addons.xpi-utils	DEBUG	Updating add-on states
1499665450884	addons.xpi-utils	DEBUG	Writing add-ons list
1499665450889	addons.xpi	DEBUG	Registering manifest for C:\Program Files (x86)\Mozilla Firefox\browser\features\aushelper@mozilla.org.xpi
1499665450890	addons.xpi	DEBUG	Calling bootstrap method startup on aushelper@mozilla.org version 2.0
1499665450897	addons.xpi	DEBUG	Registering manifest for C:\Program Files (x86)\Mozilla Firefox\browser\features\e10srollout@mozilla.org.xpi
1499665450910	addons.xpi	DEBUG	Calling bootstrap method startup on e10srollout@mozilla.org version 1.50
1499665450912	addons.xpi	DEBUG	Registering manifest for C:\Program Files (x86)\Mozilla Firefox\browser\features\firefox@getpocket.com.xpi
1499665450913	addons.xpi	DEBUG	Calling bootstrap method startup on firefox@getpocket.com version 1.0.5
1499665450916	addons.xpi	DEBUG	Registering manifest for C:\Program Files (x86)\Mozilla Firefox\browser\features\screenshots@mozilla.org.xpi
1499665450917	addons.xpi	DEBUG	Calling bootstrap method startup on screenshots@mozilla.org version 6.6.0
1499665450918	addons.xpi	DEBUG	Registering manifest for C:\Program Files (x86)\Mozilla Firefox\browser\features\webcompat@mozilla.org.xpi
1499665450919	addons.xpi	DEBUG	Calling bootstrap method startup on webcompat@mozilla.org version 1.1
1499665451011	addons.manager	DEBUG	Registering shutdown blocker for XPIProvider
1499665451012	addons.manager	DEBUG	Provider finished startup: XPIProvider
1499665451012	addons.manager	DEBUG	Starting provider: LightweightThemeManager
1499665451012	addons.manager	DEBUG	Registering shutdown blocker for LightweightThemeManager
1499665451013	addons.manager	DEBUG	Provider finished startup: LightweightThemeManager
1499665451014	addons.manager	DEBUG	Starting provider: GMPProvider
1499665451077	addons.manager	DEBUG	Registering shutdown blocker for GMPProvider
1499665451078	addons.manager	DEBUG	Provider finished startup: GMPProvider
1499665451078	addons.manager	DEBUG	Starting provider: PluginProvider
1499665451079	addons.manager	DEBUG	Registering shutdown blocker for PluginProvider
1499665451079	addons.manager	DEBUG	Provider finished startup: PluginProvider
1499665451080	addons.manager	DEBUG	Completed startup sequence
1499665453944	addons.manager	DEBUG	Starting provider: &amp;lt;unnamed-provider&amp;gt;
1499665453945	addons.manager	DEBUG	Registering shutdown blocker for &amp;lt;unnamed-provider&amp;gt;
1499665453946	addons.manager	DEBUG	Provider finished startup: &amp;lt;unnamed-provider&amp;gt;
1499665454407	DeferredSave.extensions.json	DEBUG	Write succeeded
1499665454407	addons.xpi-utils	DEBUG	XPI Database saved, setting schema version preference to 19
1499665454407	DeferredSave.extensions.json	DEBUG	Starting timer
1499665454433	DeferredSave.extensions.json	DEBUG	Starting write
1499665454437	addons.repository	DEBUG	No addons.json found.
1499665454438	DeferredSave.addons.json	DEBUG	Save changes
1499665454443	DeferredSave.addons.json	DEBUG	Starting timer
1499665454567	addons.manager	DEBUG	Starting provider: PreviousExperimentProvider
1499665454567	addons.manager	DEBUG	Registering shutdown blocker for PreviousExperimentProvider
1499665454567	addons.manager	DEBUG	Provider finished startup: PreviousExperimentProvider
1499665454572	DeferredSave.addons.json	DEBUG	Starting write
1499665454703	DeferredSave.extensions.json	DEBUG	Write succeeded
1499665454736	DeferredSave.addons.json	DEBUG	Write succeeded
[GPU 3968] WARNING: pipe error: 109: file c:/builds/moz2_slave/m-rel-w32-00000000000000000000/build/src/ipc/chromium/src/chrome/common/ipc_channel_win.cc, line 346

Build info: version: &amp;apos;2.53.1&amp;apos;, revision: &amp;apos;a36b8b1cd5757287168e54b817830adce9b0158d&amp;apos;, time: &amp;apos;2016-06-30 19:26:09&amp;apos;
System info: host: &amp;apos;ATMECSINDT-055&amp;apos;, ip: &amp;apos;50.50.50.149&amp;apos;, os.name: &amp;apos;Windows 7&amp;apos;, os.arch: &amp;apos;amd64&amp;apos;, os.version: &amp;apos;6.1&amp;apos;, java.version: &amp;apos;1.8.0_101&amp;apos;
Driver info: driver.version: FirefoxDriver">
      <![CDATA[org.openqa.selenium.WebDriverException: Failed to connect to binary FirefoxBinary(C:\Program Files (x86)\Mozilla Firefox\firefox.exe) on port 7055; process output follows: 
"locales":[],"targetApplications":[{"id":"{ec8030f7-c20a-464f-9b0e-13a3a9e97384}","minVersion":"54.0.1","maxVersion":"54.0.1"}],"targetPlatforms":[],"seen":true,"dependencies":[],"hasEmbeddedWebExtension":false,"userPermissions":null}
1499665450876	addons.xpi	DEBUG	getModTime: Recursive scan of {972ce4c6-7e08-4474-a285-3208198ce6fd}
1499665450879	DeferredSave.extensions.json	DEBUG	Save changes
1499665450879	addons.xpi	DEBUG	Updating database with changes to installed add-ons
1499665450880	addons.xpi-utils	DEBUG	Updating add-on states
1499665450884	addons.xpi-utils	DEBUG	Writing add-ons list
1499665450889	addons.xpi	DEBUG	Registering manifest for C:\Program Files (x86)\Mozilla Firefox\browser\features\aushelper@mozilla.org.xpi
1499665450890	addons.xpi	DEBUG	Calling bootstrap method startup on aushelper@mozilla.org version 2.0
1499665450897	addons.xpi	DEBUG	Registering manifest for C:\Program Files (x86)\Mozilla Firefox\browser\features\e10srollout@mozilla.org.xpi
1499665450910	addons.xpi	DEBUG	Calling bootstrap method startup on e10srollout@mozilla.org version 1.50
1499665450912	addons.xpi	DEBUG	Registering manifest for C:\Program Files (x86)\Mozilla Firefox\browser\features\firefox@getpocket.com.xpi
1499665450913	addons.xpi	DEBUG	Calling bootstrap method startup on firefox@getpocket.com version 1.0.5
1499665450916	addons.xpi	DEBUG	Registering manifest for C:\Program Files (x86)\Mozilla Firefox\browser\features\screenshots@mozilla.org.xpi
1499665450917	addons.xpi	DEBUG	Calling bootstrap method startup on screenshots@mozilla.org version 6.6.0
1499665450918	addons.xpi	DEBUG	Registering manifest for C:\Program Files (x86)\Mozilla Firefox\browser\features\webcompat@mozilla.org.xpi
1499665450919	addons.xpi	DEBUG	Calling bootstrap method startup on webcompat@mozilla.org version 1.1
1499665451011	addons.manager	DEBUG	Registering shutdown blocker for XPIProvider
1499665451012	addons.manager	DEBUG	Provider finished startup: XPIProvider
1499665451012	addons.manager	DEBUG	Starting provider: LightweightThemeManager
1499665451012	addons.manager	DEBUG	Registering shutdown blocker for LightweightThemeManager
1499665451013	addons.manager	DEBUG	Provider finished startup: LightweightThemeManager
1499665451014	addons.manager	DEBUG	Starting provider: GMPProvider
1499665451077	addons.manager	DEBUG	Registering shutdown blocker for GMPProvider
1499665451078	addons.manager	DEBUG	Provider finished startup: GMPProvider
1499665451078	addons.manager	DEBUG	Starting provider: PluginProvider
1499665451079	addons.manager	DEBUG	Registering shutdown blocker for PluginProvider
1499665451079	addons.manager	DEBUG	Provider finished startup: PluginProvider
1499665451080	addons.manager	DEBUG	Completed startup sequence
1499665453944	addons.manager	DEBUG	Starting provider: <unnamed-provider>
1499665453945	addons.manager	DEBUG	Registering shutdown blocker for <unnamed-provider>
1499665453946	addons.manager	DEBUG	Provider finished startup: <unnamed-provider>
1499665454407	DeferredSave.extensions.json	DEBUG	Write succeeded
1499665454407	addons.xpi-utils	DEBUG	XPI Database saved, setting schema version preference to 19
1499665454407	DeferredSave.extensions.json	DEBUG	Starting timer
1499665454433	DeferredSave.extensions.json	DEBUG	Starting write
1499665454437	addons.repository	DEBUG	No addons.json found.
1499665454438	DeferredSave.addons.json	DEBUG	Save changes
1499665454443	DeferredSave.addons.json	DEBUG	Starting timer
1499665454567	addons.manager	DEBUG	Starting provider: PreviousExperimentProvider
1499665454567	addons.manager	DEBUG	Registering shutdown blocker for PreviousExperimentProvider
1499665454567	addons.manager	DEBUG	Provider finished startup: PreviousExperimentProvider
1499665454572	DeferredSave.addons.json	DEBUG	Starting write
1499665454703	DeferredSave.extensions.json	DEBUG	Write succeeded
1499665454736	DeferredSave.addons.json	DEBUG	Write succeeded
[GPU 3968] WARNING: pipe error: 109: file c:/builds/moz2_slave/m-rel-w32-00000000000000000000/build/src/ipc/chromium/src/chrome/common/ipc_channel_win.cc, line 346

Build info: version: '2.53.1', revision: 'a36b8b1cd5757287168e54b817830adce9b0158d', time: '2016-06-30 19:26:09'
System info: host: 'ATMECSINDT-055', ip: '50.50.50.149', os.name: 'Windows 7', os.arch: 'amd64', os.version: '6.1', java.version: '1.8.0_101'
Driver info: driver.version: FirefoxDriver
	at org.openqa.selenium.firefox.internal.NewProfileExtensionConnection.start(NewProfileExtensionConnection.java:125)
	at org.openqa.selenium.firefox.FirefoxDriver.startClient(FirefoxDriver.java:271)
	at org.openqa.selenium.remote.RemoteWebDriver.<init>(RemoteWebDriver.java:119)
	at org.openqa.selenium.firefox.FirefoxDriver.<init>(FirefoxDriver.java:216)
	at org.openqa.selenium.firefox.FirefoxDriver.<init>(FirefoxDriver.java:211)
	at org.openqa.selenium.firefox.FirefoxDriver.<init>(FirefoxDriver.java:207)
	at org.openqa.selenium.firefox.FirefoxDriver.<init>(FirefoxDriver.java:120)
	at com.atmecs.falcon.automation.ui.selenium.RunModeLocal.<init>(RunModeLocal.java:35)
	at com.atmecs.falcon.automation.ui.selenium.RunModeFactory.getRunMode(RunModeFactory.java:35)
	at com.atmecs.falcon.automation.ui.selenium.Browser.openURL(Browser.java:345)
	at com.atmecs.partnerportal.testscript.Utils.initialize(Utils.java:31)
	at com.atmecs.partnerportal.testscript.ProjectDetailsTestScript.initializeBrowser(ProjectDetailsTestScript.java:41)
	at com.atmecs.partnerportal.runner.TestNGRunner.main(TestNGRunner.java:58)
	at org.codehaus.mojo.exec.ExecJavaMojo$1.run(ExecJavaMojo.java:294)
	at java.lang.Thread.run(Thread.java:745)
Caused by: org.openqa.selenium.firefox.NotConnectedException: Unable to connect to host 127.0.0.1 on port 7055 after 45000 ms. Firefox console output:
"locales":[],"targetApplications":[{"id":"{ec8030f7-c20a-464f-9b0e-13a3a9e97384}","minVersion":"54.0.1","maxVersion":"54.0.1"}],"targetPlatforms":[],"seen":true,"dependencies":[],"hasEmbeddedWebExtension":false,"userPermissions":null}
1499665450876	addons.xpi	DEBUG	getModTime: Recursive scan of {972ce4c6-7e08-4474-a285-3208198ce6fd}
1499665450879	DeferredSave.extensions.json	DEBUG	Save changes
1499665450879	addons.xpi	DEBUG	Updating database with changes to installed add-ons
1499665450880	addons.xpi-utils	DEBUG	Updating add-on states
1499665450884	addons.xpi-utils	DEBUG	Writing add-ons list
1499665450889	addons.xpi	DEBUG	Registering manifest for C:\Program Files (x86)\Mozilla Firefox\browser\features\aushelper@mozilla.org.xpi
1499665450890	addons.xpi	DEBUG	Calling bootstrap method startup on aushelper@mozilla.org version 2.0
1499665450897	addons.xpi	DEBUG	Registering manifest for C:\Program Files (x86)\Mozilla Firefox\browser\features\e10srollout@mozilla.org.xpi
1499665450910	addons.xpi	DEBUG	Calling bootstrap method startup on e10srollout@mozilla.org version 1.50
1499665450912	addons.xpi	DEBUG	Registering manifest for C:\Program Files (x86)\Mozilla Firefox\browser\features\firefox@getpocket.com.xpi
1499665450913	addons.xpi	DEBUG	Calling bootstrap method startup on firefox@getpocket.com version 1.0.5
1499665450916	addons.xpi	DEBUG	Registering manifest for C:\Program Files (x86)\Mozilla Firefox\browser\features\screenshots@mozilla.org.xpi
1499665450917	addons.xpi	DEBUG	Calling bootstrap method startup on screenshots@mozilla.org version 6.6.0
1499665450918	addons.xpi	DEBUG	Registering manifest for C:\Program Files (x86)\Mozilla Firefox\browser\features\webcompat@mozilla.org.xpi
1499665450919	addons.xpi	DEBUG	Calling bootstrap method startup on webcompat@mozilla.org version 1.1
1499665451011	addons.manager	DEBUG	Registering shutdown blocker for XPIProvider
1499665451012	addons.manager	DEBUG	Provider finished startup: XPIProvider
1499665451012	addons.manager	DEBUG	Starting provider: LightweightThemeManager
1499665451012	addons.manager	DEBUG	Registering shutdown blocker for LightweightThemeManager
1499665451013	addons.manager	DEBUG	Provider finished startup: LightweightThemeManager
1499665451014	addons.manager	DEBUG	Starting provider: GMPProvider
1499665451077	addons.manager	DEBUG	Registering shutdown blocker for GMPProvider
1499665451078	addons.manager	DEBUG	Provider finished startup: GMPProvider
1499665451078	addons.manager	DEBUG	Starting provider: PluginProvider
1499665451079	addons.manager	DEBUG	Registering shutdown blocker for PluginProvider
1499665451079	addons.manager	DEBUG	Provider finished startup: PluginProvider
1499665451080	addons.manager	DEBUG	Completed startup sequence
1499665453944	addons.manager	DEBUG	Starting provider: <unnamed-provider>
1499665453945	addons.manager	DEBUG	Registering shutdown blocker for <unnamed-provider>
1499665453946	addons.manager	DEBUG	Provider finished startup: <unnamed-provider>
1499665454407	DeferredSave.extensions.json	DEBUG	Write succeeded
1499665454407	addons.xpi-utils	DEBUG	XPI Database saved, setting schema version preference to 19
1499665454407	DeferredSave.extensions.json	DEBUG	Starting timer
1499665454433	DeferredSave.extensions.json	DEBUG	Starting write
1499665454437	addons.repository	DEBUG	No addons.json found.
1499665454438	DeferredSave.addons.json	DEBUG	Save changes
1499665454443	DeferredSave.addons.json	DEBUG	Starting timer
1499665454567	addons.manager	DEBUG	Starting provider: PreviousExperimentProvider
1499665454567	addons.manager	DEBUG	Registering shutdown blocker for PreviousExperimentProvider
1499665454567	addons.manager	DEBUG	Provider finished startup: PreviousExperimentProvider
1499665454572	DeferredSave.addons.json	DEBUG	Starting write
1499665454703	DeferredSave.extensions.json	DEBUG	Write succeeded
1499665454736	DeferredSave.addons.json	DEBUG	Write succeeded
[GPU 3968] WARNING: pipe error: 109: file c:/builds/moz2_slave/m-rel-w32-00000000000000000000/build/src/ipc/chromium/src/chrome/common/ipc_channel_win.cc, line 346

	at org.openqa.selenium.firefox.internal.NewProfileExtensionConnection.start(NewProfileExtensionConnection.java:113)
	... 41 more
... Removed 27 stack frames]]>
    </failure>
  </testcase> <!-- @BeforeMethod initializeBrowser -->
  <testcase name="@AfterMethod closeBrowser" time="0.0" classname="com.atmecs.partnerportal.testscript.ProjectDetailsTestScript">
    <skipped/>
  </testcase> <!-- @AfterMethod closeBrowser -->
  <testcase name="@BeforeMethod initializeBrowser" time="0.0" classname="com.atmecs.partnerportal.testscript.ProjectDetailsTestScript">
    <skipped/>
  </testcase> <!-- @BeforeMethod initializeBrowser -->
  <testcase name="@AfterMethod closeBrowser" time="0.0" classname="com.atmecs.partnerportal.testscript.ProjectDetailsTestScript">
    <skipped/>
  </testcase> <!-- @AfterMethod closeBrowser -->
  <testcase name="@BeforeMethod initializeBrowser" time="0.0" classname="com.atmecs.partnerportal.testscript.ProjectDetailsTestScript">
    <skipped/>
  </testcase> <!-- @BeforeMethod initializeBrowser -->
  <testcase name="@AfterMethod closeBrowser" time="0.0" classname="com.atmecs.partnerportal.testscript.ProjectDetailsTestScript">
    <skipped/>
  </testcase> <!-- @AfterMethod closeBrowser -->
  <testcase name="@BeforeMethod initializeBrowser" time="0.0" classname="com.atmecs.partnerportal.testscript.ProjectDetailsTestScript">
    <skipped/>
  </testcase> <!-- @BeforeMethod initializeBrowser -->
  <testcase name="@AfterMethod closeBrowser" time="0.0" classname="com.atmecs.partnerportal.testscript.ProjectDetailsTestScript">
    <skipped/>
  </testcase> <!-- @AfterMethod closeBrowser -->
  <testcase name="@BeforeMethod initializeBrowser" time="0.0" classname="com.atmecs.partnerportal.testscript.ProjectDetailsTestScript">
    <skipped/>
  </testcase> <!-- @BeforeMethod initializeBrowser -->
  <testcase name="@AfterMethod closeBrowser" time="0.0" classname="com.atmecs.partnerportal.testscript.ProjectDetailsTestScript">
    <skipped/>
  </testcase> <!-- @AfterMethod closeBrowser -->
  <testcase name="addResources" time="0.0" classname="com.atmecs.partnerportal.testscript.ProjectDetailsTestScript">
    <skipped/>
  </testcase> <!-- addResources -->
  <testcase name="checkProjectStatus" time="0.0" classname="com.atmecs.partnerportal.testscript.ProjectDetailsTestScript">
    <skipped/>
  </testcase> <!-- checkProjectStatus -->
  <testcase name="updateResources" time="0.0" classname="com.atmecs.partnerportal.testscript.ProjectDetailsTestScript">
    <skipped/>
  </testcase> <!-- updateResources -->
  <testcase name="customerContactTest" time="0.0" classname="com.atmecs.partnerportal.testscript.ProjectDetailsTestScript">
    <skipped/>
  </testcase> <!-- customerContactTest -->
  <testcase name="updateContactTest" time="0.0" classname="com.atmecs.partnerportal.testscript.ProjectDetailsTestScript">
    <skipped/>
  </testcase> <!-- updateContactTest -->
</testsuite> <!-- SampleTest -->
