<?xml version="1.0" encoding="UTF-8"?>
<testng-results skipped="0" failed="0" total="0" passed="0">
  <reporter-output>
  </reporter-output>
  <suite name="com.atmecs.partnerportal.AppTest" duration-ms="12" started-at="2017-07-10T11:48:46Z" finished-at="2017-07-10T11:48:46Z">
    <groups>
    </groups>
    <test name="Command line test" duration-ms="12" started-at="2017-07-10T11:48:46Z" finished-at="2017-07-10T11:48:46Z">
    </test> <!-- Command line test -->
  </suite> <!-- com.atmecs.partnerportal.AppTest -->
</testng-results>
